<?xml version="1.0" encoding="UTF-8"?>
<testsuite name="test1"
           tests="9"
           failures="0"
           errors="0"
           skipped="0"
           time="0.034">
    <properties></properties>



            <testcase
                name="testvalid"
                time="0.001"
                classname="firstTest">
            </testcase>
            <testcase
                name="testinvalid"
                time="0.002"
                classname="firstTest">
            </testcase>
            <testcase
                name="test111"
                time="0.000"
                classname="firstTest">
            </testcase>
            <testcase
                name="testvalid"
                time="0.001"
                classname="firstTest">
            </testcase>
            <testcase
                name="testvalid"
                time="0.021"
                classname="firstTest">
            </testcase>
            <testcase
                name="testvalid"
                time="0.000"
                classname="firstTest">
            </testcase>
            <testcase
                name="testvalid"
                time="0.007"
                classname="firstTest">
            </testcase>
            <testcase
                name="testvalid"
                time="0.001"
                classname="firstTest">
            </testcase>
            <testcase
                name="test222"
                time="0.001"
                classname="firstTest">
            </testcase>
</testsuite>
